Using pre-set license
Built from '6000.1/staging' branch; Version is '6000.1.3f1 (f34db9734971) revision 15945145'; Using compiler version '194234433'; Build Type 'Release'
OS: 'Windows 11  (10.0.26100) 64bit Professional' Language: 'en' Physical Memory: 15773 MB
BatchMode: 1, IsHumanControllingUs: 0, StartBugReporterOnCrash: 0, Is64bit: 1, IsPro: 1
Date: 2026-02-20T09:29:30Z

COMMAND LINE ARGUMENTS:
C:\Program Files\Unity\Hub\Editor\6000.1.3f1\Editor\Unity.exe
-adb2
-batchMode
-noUpm
-name
AssetImportWorker19
-projectPath
C:/Users/fanis/unity-maxmsp
-logFile
Logs/AssetImportWorker19.log
-srvPort
58030
-job-worker-count
2
-background-job-worker-count
8
-gc-helper-count
1
-name
AssetImport
Successfully changed project path to: C:/Users/fanis/unity-maxmsp
C:/Users/fanis/unity-maxmsp
[UnityMemory] Configuration Parameters - Can be set up in boot.config
    "memorysetup-allocator-temp-initial-block-size-main=262144"
    "memorysetup-allocator-temp-initial-block-size-worker=262144"
    "memorysetup-bucket-allocator-granularity=16"
    "memorysetup-bucket-allocator-bucket-count=8"
    "memorysetup-bucket-allocator-block-size=33554432"
    "memorysetup-bucket-allocator-block-count=8"
    "memorysetup-main-allocator-block-size=16777216"
    "memorysetup-thread-allocator-block-size=16777216"
    "memorysetup-gfx-main-allocator-block-size=16777216"
    "memorysetup-gfx-thread-allocator-block-size=16777216"
    "memorysetup-cache-allocator-block-size=4194304"
    "memorysetup-typetree-allocator-block-size=2097152"
    "memorysetup-profiler-bucket-allocator-granularity=16"
    "memorysetup-profiler-bucket-allocator-bucket-count=8"
    "memorysetup-profiler-bucket-allocator-block-size=33554432"
    "memorysetup-profiler-bucket-allocator-block-count=8"
    "memorysetup-profiler-allocator-block-size=16777216"
    "memorysetup-profiler-editor-allocator-block-size=1048576"
    "memorysetup-temp-allocator-size-main=16777216"
    "memorysetup-job-temp-allocator-block-size=2097152"
    "memorysetup-job-temp-allocator-block-size-background=1048576"
    "memorysetup-job-temp-allocator-reduction-small-platforms=262144"
    "memorysetup-temp-allocator-size-background-worker=32768"
    "memorysetup-temp-allocator-size-job-worker=262144"
    "memorysetup-temp-allocator-size-preload-manager=33554432"
    "memorysetup-temp-allocator-size-nav-mesh-worker=65536"
    "memorysetup-temp-allocator-size-audio-worker=65536"
    "memorysetup-temp-allocator-size-cloud-worker=32768"
    "memorysetup-temp-allocator-size-gi-baking-worker=262144"
    "memorysetup-temp-allocator-size-gi-baking-worker=262144"
    "memorysetup-temp-allocator-size-gi-baking-worker=262144"
    "memorysetup-temp-allocator-size-gi-baking-worker=262144"
    "memorysetup-temp-allocator-size-gi-baking-worker=262144"
    "memorysetup-temp-allocator-size-gfx=262144"
Player connection [21812]  Target information:

Player connection [21812]  * "[IP] 10.5.0.2 [Port] 0 [Flags] 2 [Guid] 2683996438 [EditorId] 2683996438 [Version] 1048832 [Id] WindowsEditor(7,DESKTOP-6SVTGTR) [Debug] 1 [PackageName] WindowsEditor [ProjectName] Editor" 

Player connection [21812]  * "[IP] 192.168.1.6 [Port] 0 [Flags] 2 [Guid] 2683996438 [EditorId] 2683996438 [Version] 1048832 [Id] WindowsEditor(7,DESKTOP-6SVTGTR) [Debug] 1 [PackageName] WindowsEditor [ProjectName] Editor" 

Player connection [21812] Host joined multi-casting on [225.0.0.222:54997]...
Player connection [21812] Host joined alternative multi-casting on [225.0.0.222:34997]...
JobSystem: Creating JobQueue using job-worker-count value 2
Input System module state changed to: Initialized.
[Physics::Module] Initialized fallback backend.
[Physics::Module] Id: 0xdecafbad
Library Redirect Path: Library/
[Physics::Module] Selected backend.
[Physics::Module] Name: PhysX
[Physics::Module] Id: 0xf2b8ea05
[Physics::Module] SDK Version: 4.1.2
[Physics::Module] Integration Version: 1.0.0
[Physics::Module] Threading Mode: Multi-Threaded
Refreshing native plugins compatible for Editor in 25.67 ms, found 12 plugins.
Preloading 0 native plugins for Editor in 0.00 ms.
Initialize engine version: 6000.1.3f1 (f34db9734971)
[Subsystems] Discovering subsystems at path C:/Program Files/Unity/Hub/Editor/6000.1.3f1/Editor/Data/Resources/UnitySubsystems
[Subsystems] Discovering subsystems at path C:/Users/fanis/unity-maxmsp/Assets
GfxDevice: creating device client; kGfxThreadingModeNonThreaded
Direct3D:
    Version:  Direct3D 11.0 [level 11.1]
    Renderer: AMD Radeon(TM) Graphics (ID=0x1636)
    Vendor:   ATI
    VRAM:     7886 MB
    Driver:   31.0.21912.2004
Initialize mono
Mono path[0] = 'C:/Program Files/Unity/Hub/Editor/6000.1.3f1/Editor/Data/Managed'
Mono path[1] = 'C:/Program Files/Unity/Hub/Editor/6000.1.3f1/Editor/Data/MonoBleedingEdge/lib/mono/unityjit-win32'
Mono config path = 'C:/Program Files/Unity/Hub/Editor/6000.1.3f1/Editor/Data/MonoBleedingEdge/etc'
Using monoOptions --debugger-agent=transport=dt_socket,embedding=1,server=y,suspend=n,address=127.0.0.1:56876
Begin MonoManager ReloadAssembly
Registering precompiled unity dll's ...
Register platform support module: C:/Program Files/Unity/Hub/Editor/6000.1.3f1/Editor/Data/PlaybackEngines/WindowsStandaloneSupport/UnityEditor.WindowsStandalone.Extensions.dll
Register platform support module: C:/Program Files/Unity/Hub/Editor/6000.1.3f1/Editor/Data/PlaybackEngines/AndroidPlayer/UnityEditor.Android.Extensions.dll
Registered in 0.002983 seconds.
- Loaded All Assemblies, in  0.769 seconds
Native extension for Android target not found
Android Extension - Scanning For ADB Devices 475 ms
Native extension for WindowsStandalone target not found
Mono: successfully reloaded assembly
- Finished resetting the current domain, in  1.185 seconds
Domain Reload Profiling: 1953ms
	BeginReloadAssembly (410ms)
		ExecutionOrderSort (0ms)
		DisableScriptedObjects (0ms)
		BackupInstance (0ms)
		ReleaseScriptingObjects (0ms)
		CreateAndSetChildDomain (1ms)
	RebuildCommonClasses (56ms)
	RebuildNativeTypeToScriptingClass (19ms)
	initialDomainReloadingComplete (69ms)
	LoadAllAssembliesAndSetupDomain (212ms)
		LoadAssemblies (407ms)
		RebuildTransferFunctionScriptingTraits (0ms)
		AnalyzeDomain (207ms)
			TypeCache.Refresh (205ms)
				TypeCache.ScanAssembly (189ms)
			BuildScriptInfoCaches (0ms)
			ResolveRequiredComponents (1ms)
	FinalizeReload (1187ms)
		ReleaseScriptCaches (0ms)
		RebuildScriptCaches (0ms)
		SetupLoadedEditorAssemblies (1100ms)
			LogAssemblyErrors (0ms)
			InitializePlatformSupportModulesInManaged (618ms)
			SetLoadedEditorAssemblies (5ms)
			BeforeProcessingInitializeOnLoad (109ms)
			ProcessInitializeOnLoadAttributes (252ms)
			ProcessInitializeOnLoadMethodAttributes (116ms)
			AfterProcessingInitializeOnLoad (0ms)
			EditorAssembliesLoaded (0ms)
		ExecutionOrderSort2 (0ms)
		AwakeInstancesAfterBackupRestoration (0ms)
========================================================================
Worker process is ready to serve import requests
Import Worker Mode flag is 0x00
Begin MonoManager ReloadAssembly
- Loaded All Assemblies, in  1.522 seconds
Refreshing native plugins compatible for Editor in 10.21 ms, found 12 plugins.
Native extension for Android target not found
Native extension for WindowsStandalone target not found
Package Manager log level set to [2]
[Package Manager] Failed to launch server process. Reason: Unity was launched with the -noUpm command-line argument
[Package Manager] Unable to send message (not connected to server process).
[Package Manager] Cannot connect to Unity Package Manager local server
Launched and connected shader compiler UnityShaderCompiler.exe after 0.11 seconds
Could not open file VirtualArtifacts/Primary/0927d29e476ce5843b1f7d2a96943c51 for read
UnityEngine.Debug:ExtractStackTraceNoAlloc (byte*,int,string)
UnityEngine.StackTraceUtility:ExtractStackTrace ()
UnityEditor.AssetDatabase:LoadAllAssetsAtPath (string)
UnityEditor.ShaderGraph.GraphUtil:TryGetMetadataOfType<UnityEditor.Rendering.Universal.ShaderGraph.UniversalMetadata> (UnityEngine.Shader,UnityEditor.Rendering.Universal.ShaderGraph.UniversalMetadata&) (at ./Library/PackageCache/com.unity.shadergraph@26dc5ae27e7d/Editor/Data/Util/GraphUtil.cs:210)
Unity.Rendering.Universal.ShaderUtils:GetShaderID (UnityEngine.Shader) (at ./Library/PackageCache/com.unity.render-pipelines.universal@35104b1b69f5/Editor/ShaderUtils.cs:57)
UnityEditor.BaseShaderGUI:UpdateMotionVectorKeywordsAndPass (UnityEngine.Material) (at ./Library/PackageCache/com.unity.render-pipelines.universal@35104b1b69f5/Editor/ShaderGUI/BaseShaderGUI.cs:811)
UnityEditor.ShaderGraphLitGUI:UpdateMaterial (UnityEngine.Material,Unity.Rendering.Universal.ShaderUtils/MaterialUpdateType) (at ./Library/PackageCache/com.unity.render-pipelines.universal@35104b1b69f5/Editor/ShaderGUI/ShaderGraphLitGUI.cs:39)
UnityEditor.ShaderGraphLitGUI:ValidateMaterial (UnityEngine.Material) (at ./Library/PackageCache/com.unity.render-pipelines.universal@35104b1b69f5/Editor/ShaderGUI/ShaderGraphLitGUI.cs:50)
UnityEditor.ShaderGUIUtility:ValidateMaterial (UnityEngine.Material)
UnityEngine.Material:set_shader (UnityEngine.Shader)
UnityEngine.XR.Interaction.Toolkit.Samples.StarterAssets.MaterialPipelineHandler:SetPipelineShaders () (at Assets/Samples/XR Interaction Toolkit/3.1.3/Starter Assets/Scripts/MaterialPipelineHandler.cs:114)
UnityEngine.XR.Interaction.Toolkit.Samples.StarterAssets.MaterialPipelineHandler:AutoRefreshPipelineShaders () (at Assets/Samples/XR Interaction Toolkit/3.1.3/Starter Assets/Scripts/MaterialPipelineHandler.cs:81)
UnityEngine.XR.Interaction.Toolkit.Samples.StarterAssets.MaterialPipelineHandler:OnEnable () (at Assets/Samples/XR Interaction Toolkit/3.1.3/Starter Assets/Scripts/MaterialPipelineHandler.cs:74)
UnityEditor.AssetDatabase:LoadAssetAtPath (string,System.Type)
UnityEditor.AssetDatabase:LoadAssetAtPath<UnityEngine.XR.Hands.Samples.VisualizerSample.MaterialPipelineHandler> (string)
UnityEngine.XR.Hands.Samples.VisualizerSample.RenderPipelineValidation:GetAllInstances () (at Assets/Samples/XR Hands/1.6.0/HandVisualizer/Scripts/MaterialPipelineHandler.cs:28)
UnityEngine.XR.Hands.Samples.VisualizerSample.RenderPipelineValidation:.cctor () (at Assets/Samples/XR Hands/1.6.0/HandVisualizer/Scripts/MaterialPipelineHandler.cs:15)
System.Runtime.CompilerServices.RuntimeHelpers:RunClassConstructor (System.RuntimeTypeHandle)
UnityEditor.EditorAssemblies:ProcessInitializeOnLoadAttributes (System.Type[])

[./Library/PackageCache/com.unity.shadergraph@26dc5ae27e7d/Editor/Data/Util/GraphUtil.cs line 210]

Assertion failed on expression: 'res'
UnityEngine.Debug:ExtractStackTraceNoAlloc (byte*,int,string)
UnityEngine.StackTraceUtility:ExtractStackTrace ()
UnityEditor.AssetDatabase:LoadAllAssetsAtPath (string)
UnityEditor.ShaderGraph.GraphUtil:TryGetMetadataOfType<UnityEditor.Rendering.Universal.ShaderGraph.UniversalMetadata> (UnityEngine.Shader,UnityEditor.Rendering.Universal.ShaderGraph.UniversalMetadata&) (at ./Library/PackageCache/com.unity.shadergraph@26dc5ae27e7d/Editor/Data/Util/GraphUtil.cs:210)
Unity.Rendering.Universal.ShaderUtils:GetShaderID (UnityEngine.Shader) (at ./Library/PackageCache/com.unity.render-pipelines.universal@35104b1b69f5/Editor/ShaderUtils.cs:57)
UnityEditor.BaseShaderGUI:UpdateMotionVectorKeywordsAndPass (UnityEngine.Material) (at ./Library/PackageCache/com.unity.render-pipelines.universal@35104b1b69f5/Editor/ShaderGUI/BaseShaderGUI.cs:811)
UnityEditor.ShaderGraphLitGUI:UpdateMaterial (UnityEngine.Material,Unity.Rendering.Universal.ShaderUtils/MaterialUpdateType) (at ./Library/PackageCache/com.unity.render-pipelines.universal@35104b1b69f5/Editor/ShaderGUI/ShaderGraphLitGUI.cs:39)
UnityEditor.ShaderGraphLitGUI:ValidateMaterial (UnityEngine.Material) (at ./Library/PackageCache/com.unity.render-pipelines.universal@35104b1b69f5/Editor/ShaderGUI/ShaderGraphLitGUI.cs:50)
UnityEditor.ShaderGUIUtility:ValidateMaterial (UnityEngine.Material)
UnityEngine.Material:set_shader (UnityEngine.Shader)
UnityEngine.XR.Interaction.Toolkit.Samples.StarterAssets.MaterialPipelineHandler:SetPipelineShaders () (at Assets/Samples/XR Interaction Toolkit/3.1.3/Starter Assets/Scripts/MaterialPipelineHandler.cs:114)
UnityEngine.XR.Interaction.Toolkit.Samples.StarterAssets.MaterialPipelineHandler:AutoRefreshPipelineShaders () (at Assets/Samples/XR Interaction Toolkit/3.1.3/Starter Assets/Scripts/MaterialPipelineHandler.cs:81)
UnityEngine.XR.Interaction.Toolkit.Samples.StarterAssets.MaterialPipelineHandler:OnEnable () (at Assets/Samples/XR Interaction Toolkit/3.1.3/Starter Assets/Scripts/MaterialPipelineHandler.cs:74)
UnityEditor.AssetDatabase:LoadAssetAtPath (string,System.Type)
UnityEditor.AssetDatabase:LoadAssetAtPath<UnityEngine.XR.Hands.Samples.VisualizerSample.MaterialPipelineHandler> (string)
UnityEngine.XR.Hands.Samples.VisualizerSample.RenderPipelineValidation:GetAllInstances () (at Assets/Samples/XR Hands/1.6.0/HandVisualizer/Scripts/MaterialPipelineHandler.cs:28)
UnityEngine.XR.Hands.Samples.VisualizerSample.RenderPipelineValidation:.cctor () (at Assets/Samples/XR Hands/1.6.0/HandVisualizer/Scripts/MaterialPipelineHandler.cs:15)
System.Runtime.CompilerServices.RuntimeHelpers:RunClassConstructor (System.RuntimeTypeHandle)
UnityEditor.EditorAssemblies:ProcessInitializeOnLoadAttributes (System.Type[])

[./Library/PackageCache/com.unity.shadergraph@26dc5ae27e7d/Editor/Data/Util/GraphUtil.cs line 210]

illegal LocalPathID in persistentmanager
UnityEngine.Debug:ExtractStackTraceNoAlloc (byte*,int,string)
UnityEngine.StackTraceUtility:ExtractStackTrace ()
UnityEditor.AssetDatabase:LoadAllAssetsAtPath (string)
UnityEditor.ShaderGraph.GraphUtil:TryGetMetadataOfType<UnityEditor.Rendering.Universal.ShaderGraph.UniversalMetadata> (UnityEngine.Shader,UnityEditor.Rendering.Universal.ShaderGraph.UniversalMetadata&) (at ./Library/PackageCache/com.unity.shadergraph@26dc5ae27e7d/Editor/Data/Util/GraphUtil.cs:210)
Unity.Rendering.Universal.ShaderUtils:GetShaderID (UnityEngine.Shader) (at ./Library/PackageCache/com.unity.render-pipelines.universal@35104b1b69f5/Editor/ShaderUtils.cs:57)
UnityEditor.BaseShaderGUI:UpdateMotionVectorKeywordsAndPass (UnityEngine.Material) (at ./Library/PackageCache/com.unity.render-pipelines.universal@35104b1b69f5/Editor/ShaderGUI/BaseShaderGUI.cs:811)
UnityEditor.ShaderGraphLitGUI:UpdateMaterial (UnityEngine.Material,Unity.Rendering.Universal.ShaderUtils/MaterialUpdateType) (at ./Library/PackageCache/com.unity.render-pipelines.universal@35104b1b69f5/Editor/ShaderGUI/ShaderGraphLitGUI.cs:39)
UnityEditor.ShaderGraphLitGUI:ValidateMaterial (UnityEngine.Material) (at ./Library/PackageCache/com.unity.render-pipelines.universal@35104b1b69f5/Editor/ShaderGUI/ShaderGraphLitGUI.cs:50)
UnityEditor.ShaderGUIUtility:ValidateMaterial (UnityEngine.Material)
UnityEngine.Material:set_shader (UnityEngine.Shader)
UnityEngine.XR.Interaction.Toolkit.Samples.StarterAssets.MaterialPipelineHandler:SetPipelineShaders () (at Assets/Samples/XR Interaction Toolkit/3.1.3/Starter Assets/Scripts/MaterialPipelineHandler.cs:114)
UnityEngine.XR.Interaction.Toolkit.Samples.StarterAssets.MaterialPipelineHandler:AutoRefreshPipelineShaders () (at Assets/Samples/XR Interaction Toolkit/3.1.3/Starter Assets/Scripts/MaterialPipelineHandler.cs:81)
UnityEngine.XR.Interaction.Toolkit.Samples.StarterAssets.MaterialPipelineHandler:OnEnable () (at Assets/Samples/XR Interaction Toolkit/3.1.3/Starter Assets/Scripts/MaterialPipelineHandler.cs:74)
UnityEditor.AssetDatabase:LoadAssetAtPath (string,System.Type)
UnityEditor.AssetDatabase:LoadAssetAtPath<UnityEngine.XR.Hands.Samples.VisualizerSample.MaterialPipelineHandler> (string)
UnityEngine.XR.Hands.Samples.VisualizerSample.RenderPipelineValidation:GetAllInstances () (at Assets/Samples/XR Hands/1.6.0/HandVisualizer/Scripts/MaterialPipelineHandler.cs:28)
UnityEngine.XR.Hands.Samples.VisualizerSample.RenderPipelineValidation:.cctor () (at Assets/Samples/XR Hands/1.6.0/HandVisualizer/Scripts/MaterialPipelineHandler.cs:15)
System.Runtime.CompilerServices.RuntimeHelpers:RunClassConstructor (System.RuntimeTypeHandle)
UnityEditor.EditorAssemblies:ProcessInitializeOnLoadAttributes (System.Type[])

[./Library/PackageCache/com.unity.shadergraph@26dc5ae27e7d/Editor/Data/Util/GraphUtil.cs line 210]

illegal LocalPathID in persistentmanager
UnityEngine.Debug:ExtractStackTraceNoAlloc (byte*,int,string)
UnityEngine.StackTraceUtility:ExtractStackTrace ()
UnityEditor.AssetDatabase:LoadAllAssetsAtPath (string)
UnityEditor.ShaderGraph.GraphUtil:TryGetMetadataOfType<UnityEditor.Rendering.Universal.ShaderGraph.UniversalMetadata> (UnityEngine.Shader,UnityEditor.Rendering.Universal.ShaderGraph.UniversalMetadata&) (at ./Library/PackageCache/com.unity.shadergraph@26dc5ae27e7d/Editor/Data/Util/GraphUtil.cs:210)
Unity.Rendering.Universal.ShaderUtils:GetShaderID (UnityEngine.Shader) (at ./Library/PackageCache/com.unity.render-pipelines.universal@35104b1b69f5/Editor/ShaderUtils.cs:57)
UnityEditor.BaseShaderGUI:UpdateMotionVectorKeywordsAndPass (UnityEngine.Material) (at ./Library/PackageCache/com.unity.render-pipelines.universal@35104b1b69f5/Editor/ShaderGUI/BaseShaderGUI.cs:811)
UnityEditor.ShaderGraphLitGUI:UpdateMaterial (UnityEngine.Material,Unity.Rendering.Universal.ShaderUtils/MaterialUpdateType) (at ./Library/PackageCache/com.unity.render-pipelines.universal@35104b1b69f5/Editor/ShaderGUI/ShaderGraphLitGUI.cs:39)
UnityEditor.ShaderGraphLitGUI:ValidateMaterial (UnityEngine.Material) (at ./Library/PackageCache/com.unity.render-pipelines.universal@35104b1b69f5/Editor/ShaderGUI/ShaderGraphLitGUI.cs:50)
UnityEditor.ShaderGUIUtility:ValidateMaterial (UnityEngine.Material)
UnityEngine.Material:set_shader (UnityEngine.Shader)
UnityEngine.XR.Interaction.Toolkit.Samples.StarterAssets.MaterialPipelineHandler:SetPipelineShaders () (at Assets/Samples/XR Interaction Toolkit/3.1.3/Starter Assets/Scripts/MaterialPipelineHandler.cs:114)
UnityEngine.XR.Interaction.Toolkit.Samples.StarterAssets.MaterialPipelineHandler:AutoRefreshPipelineShaders () (at Assets/Samples/XR Interaction Toolkit/3.1.3/Starter Assets/Scripts/MaterialPipelineHandler.cs:81)
UnityEngine.XR.Interaction.Toolkit.Samples.StarterAssets.MaterialPipelineHandler:OnEnable () (at Assets/Samples/XR Interaction Toolkit/3.1.3/Starter Assets/Scripts/MaterialPipelineHandler.cs:74)
UnityEditor.AssetDatabase:LoadAssetAtPath (string,System.Type)
UnityEditor.AssetDatabase:LoadAssetAtPath<UnityEngine.XR.Hands.Samples.VisualizerSample.MaterialPipelineHandler> (string)
UnityEngine.XR.Hands.Samples.VisualizerSample.RenderPipelineValidation:GetAllInstances () (at Assets/Samples/XR Hands/1.6.0/HandVisualizer/Scripts/MaterialPipelineHandler.cs:28)
UnityEngine.XR.Hands.Samples.VisualizerSample.RenderPipelineValidation:.cctor () (at Assets/Samples/XR Hands/1.6.0/HandVisualizer/Scripts/MaterialPipelineHandler.cs:15)
System.Runtime.CompilerServices.RuntimeHelpers:RunClassConstructor (System.RuntimeTypeHandle)
UnityEditor.EditorAssemblies:ProcessInitializeOnLoadAttributes (System.Type[])

[./Library/PackageCache/com.unity.shadergraph@26dc5ae27e7d/Editor/Data/Util/GraphUtil.cs line 210]

illegal LocalPathID in persistentmanager
UnityEngine.Debug:ExtractStackTraceNoAlloc (byte*,int,string)
UnityEngine.StackTraceUtility:ExtractStackTrace ()
UnityEditor.AssetDatabase:LoadAllAssetsAtPath (string)
UnityEditor.ShaderGraph.GraphUtil:TryGetMetadataOfType<UnityEditor.Rendering.Universal.ShaderGraph.UniversalMetadata> (UnityEngine.Shader,UnityEditor.Rendering.Universal.ShaderGraph.UniversalMetadata&) (at ./Library/PackageCache/com.unity.shadergraph@26dc5ae27e7d/Editor/Data/Util/GraphUtil.cs:210)
Unity.Rendering.Universal.ShaderUtils:GetShaderID (UnityEngine.Shader) (at ./Library/PackageCache/com.unity.render-pipelines.universal@35104b1b69f5/Editor/ShaderUtils.cs:57)
UnityEditor.BaseShaderGUI:UpdateMotionVectorKeywordsAndPass (UnityEngine.Material) (at ./Library/PackageCache/com.unity.render-pipelines.universal@35104b1b69f5/Editor/ShaderGUI/BaseShaderGUI.cs:811)
UnityEditor.ShaderGraphLitGUI:UpdateMaterial (UnityEngine.Material,Unity.Rendering.Universal.ShaderUtils/MaterialUpdateType) (at ./Library/PackageCache/com.unity.render-pipelines.universal@35104b1b69f5/Editor/ShaderGUI/ShaderGraphLitGUI.cs:39)
UnityEditor.ShaderGraphLitGUI:ValidateMaterial (UnityEngine.Material) (at ./Library/PackageCache/com.unity.render-pipelines.universal@35104b1b69f5/Editor/ShaderGUI/ShaderGraphLitGUI.cs:50)
UnityEditor.ShaderGUIUtility:ValidateMaterial (UnityEngine.Material)
UnityEngine.Material:set_shader (UnityEngine.Shader)
UnityEngine.XR.Interaction.Toolkit.Samples.StarterAssets.MaterialPipelineHandler:SetPipelineShaders () (at Assets/Samples/XR Interaction Toolkit/3.1.3/Starter Assets/Scripts/MaterialPipelineHandler.cs:114)
UnityEngine.XR.Interaction.Toolkit.Samples.StarterAssets.MaterialPipelineHandler:AutoRefreshPipelineShaders () (at Assets/Samples/XR Interaction Toolkit/3.1.3/Starter Assets/Scripts/MaterialPipelineHandler.cs:81)
UnityEngine.XR.Interaction.Toolkit.Samples.StarterAssets.MaterialPipelineHandler:OnEnable () (at Assets/Samples/XR Interaction Toolkit/3.1.3/Starter Assets/Scripts/MaterialPipelineHandler.cs:74)
UnityEditor.AssetDatabase:LoadAssetAtPath (string,System.Type)
UnityEditor.AssetDatabase:LoadAssetAtPath<UnityEngine.XR.Hands.Samples.VisualizerSample.MaterialPipelineHandler> (string)
UnityEngine.XR.Hands.Samples.VisualizerSample.RenderPipelineValidation:GetAllInstances () (at Assets/Samples/XR Hands/1.6.0/HandVisualizer/Scripts/MaterialPipelineHandler.cs:28)
UnityEngine.XR.Hands.Samples.VisualizerSample.RenderPipelineValidation:.cctor () (at Assets/Samples/XR Hands/1.6.0/HandVisualizer/Scripts/MaterialPipelineHandler.cs:15)
System.Runtime.CompilerServices.RuntimeHelpers:RunClassConstructor (System.RuntimeTypeHandle)
UnityEditor.EditorAssemblies:ProcessInitializeOnLoadAttributes (System.Type[])

[./Library/PackageCache/com.unity.shadergraph@26dc5ae27e7d/Editor/Data/Util/GraphUtil.cs line 210]

illegal LocalPathID in persistentmanager
UnityEngine.Debug:ExtractStackTraceNoAlloc (byte*,int,string)
UnityEngine.StackTraceUtility:ExtractStackTrace ()
UnityEditor.AssetDatabase:LoadAllAssetsAtPath (string)
UnityEditor.ShaderGraph.GraphUtil:TryGetMetadataOfType<UnityEditor.Rendering.Universal.ShaderGraph.UniversalMetadata> (UnityEngine.Shader,UnityEditor.Rendering.Universal.ShaderGraph.UniversalMetadata&) (at ./Library/PackageCache/com.unity.shadergraph@26dc5ae27e7d/Editor/Data/Util/GraphUtil.cs:210)
Unity.Rendering.Universal.ShaderUtils:GetShaderID (UnityEngine.Shader) (at ./Library/PackageCache/com.unity.render-pipelines.universal@35104b1b69f5/Editor/ShaderUtils.cs:57)
UnityEditor.BaseShaderGUI:UpdateMotionVectorKeywordsAndPass (UnityEngine.Material) (at ./Library/PackageCache/com.unity.render-pipelines.universal@35104b1b69f5/Editor/ShaderGUI/BaseShaderGUI.cs:811)
UnityEditor.ShaderGraphLitGUI:UpdateMaterial (UnityEngine.Material,Unity.Rendering.Universal.ShaderUtils/MaterialUpdateType) (at ./Library/PackageCache/com.unity.render-pipelines.universal@35104b1b69f5/Editor/ShaderGUI/ShaderGraphLitGUI.cs:39)
UnityEditor.ShaderGraphLitGUI:ValidateMaterial (UnityEngine.Material) (at ./Library/PackageCache/com.unity.render-pipelines.universal@35104b1b69f5/Editor/ShaderGUI/ShaderGraphLitGUI.cs:50)
UnityEditor.ShaderGUIUtility:ValidateMaterial (UnityEngine.Material)
UnityEngine.Material:set_shader (UnityEngine.Shader)
UnityEngine.XR.Interaction.Toolkit.Samples.StarterAssets.MaterialPipelineHandler:SetPipelineShaders () (at Assets/Samples/XR Interaction Toolkit/3.1.3/Starter Assets/Scripts/MaterialPipelineHandler.cs:114)
UnityEngine.XR.Interaction.Toolkit.Samples.StarterAssets.MaterialPipelineHandler:AutoRefreshPipelineShaders () (at Assets/Samples/XR Interaction Toolkit/3.1.3/Starter Assets/Scripts/MaterialPipelineHandler.cs:81)
UnityEngine.XR.Interaction.Toolkit.Samples.StarterAssets.MaterialPipelineHandler:OnEnable () (at Assets/Samples/XR Interaction Toolkit/3.1.3/Starter Assets/Scripts/MaterialPipelineHandler.cs:74)
UnityEditor.AssetDatabase:LoadAssetAtPath (string,System.Type)
UnityEditor.AssetDatabase:LoadAssetAtPath<UnityEngine.XR.Hands.Samples.VisualizerSample.MaterialPipelineHandler> (string)
UnityEngine.XR.Hands.Samples.VisualizerSample.RenderPipelineValidation:GetAllInstances () (at Assets/Samples/XR Hands/1.6.0/HandVisualizer/Scripts/MaterialPipelineHandler.cs:28)
UnityEngine.XR.Hands.Samples.VisualizerSample.RenderPipelineValidation:.cctor () (at Assets/Samples/XR Hands/1.6.0/HandVisualizer/Scripts/MaterialPipelineHandler.cs:15)
System.Runtime.CompilerServices.RuntimeHelpers:RunClassConstructor (System.RuntimeTypeHandle)
UnityEditor.EditorAssemblies:ProcessInitializeOnLoadAttributes (System.Type[])

[./Library/PackageCache/com.unity.shadergraph@26dc5ae27e7d/Editor/Data/Util/GraphUtil.cs line 210]

illegal LocalPathID in persistentmanager
UnityEngine.Debug:ExtractStackTraceNoAlloc (byte*,int,string)
UnityEngine.StackTraceUtility:ExtractStackTrace ()
UnityEditor.AssetDatabase:LoadAllAssetsAtPath (string)
UnityEditor.ShaderGraph.GraphUtil:TryGetMetadataOfType<UnityEditor.Rendering.Universal.ShaderGraph.UniversalMetadata> (UnityEngine.Shader,UnityEditor.Rendering.Universal.ShaderGraph.UniversalMetadata&) (at ./Library/PackageCache/com.unity.shadergraph@26dc5ae27e7d/Editor/Data/Util/GraphUtil.cs:210)
Unity.Rendering.Universal.ShaderUtils:GetShaderID (UnityEngine.Shader) (at ./Library/PackageCache/com.unity.render-pipelines.universal@35104b1b69f5/Editor/ShaderUtils.cs:57)
UnityEditor.BaseShaderGUI:UpdateMotionVectorKeywordsAndPass (UnityEngine.Material) (at ./Library/PackageCache/com.unity.render-pipelines.universal@35104b1b69f5/Editor/ShaderGUI/BaseShaderGUI.cs:811)
UnityEditor.ShaderGraphLitGUI:UpdateMaterial (UnityEngine.Material,Unity.Rendering.Universal.ShaderUtils/MaterialUpdateType) (at ./Library/PackageCache/com.unity.render-pipelines.universal@35104b1b69f5/Editor/ShaderGUI/ShaderGraphLitGUI.cs:39)
UnityEditor.ShaderGraphLitGUI:ValidateMaterial (UnityEngine.Material) (at ./Library/PackageCache/com.unity.render-pipelines.universal@35104b1b69f5/Editor/ShaderGUI/ShaderGraphLitGUI.cs:50)
UnityEditor.ShaderGUIUtility:ValidateMaterial (UnityEngine.Material)
UnityEngine.Material:set_shader (UnityEngine.Shader)
UnityEngine.XR.Interaction.Toolkit.Samples.StarterAssets.MaterialPipelineHandler:SetPipelineShaders () (at Assets/Samples/XR Interaction Toolkit/3.1.3/Starter Assets/Scripts/MaterialPipelineHandler.cs:114)
UnityEngine.XR.Interaction.Toolkit.Samples.StarterAssets.MaterialPipelineHandler:AutoRefreshPipelineShaders () (at Assets/Samples/XR Interaction Toolkit/3.1.3/Starter Assets/Scripts/MaterialPipelineHandler.cs:81)
UnityEngine.XR.Interaction.Toolkit.Samples.StarterAssets.MaterialPipelineHandler:OnEnable () (at Assets/Samples/XR Interaction Toolkit/3.1.3/Starter Assets/Scripts/MaterialPipelineHandler.cs:74)
UnityEditor.AssetDatabase:LoadAssetAtPath (string,System.Type)
UnityEditor.AssetDatabase:LoadAssetAtPath<UnityEngine.XR.Hands.Samples.VisualizerSample.MaterialPipelineHandler> (string)
UnityEngine.XR.Hands.Samples.VisualizerSample.RenderPipelineValidation:GetAllInstances () (at Assets/Samples/XR Hands/1.6.0/HandVisualizer/Scripts/MaterialPipelineHandler.cs:28)
UnityEngine.XR.Hands.Samples.VisualizerSample.RenderPipelineValidation:.cctor () (at Assets/Samples/XR Hands/1.6.0/HandVisualizer/Scripts/MaterialPipelineHandler.cs:15)
System.Runtime.CompilerServices.RuntimeHelpers:RunClassConstructor (System.RuntimeTypeHandle)
UnityEditor.EditorAssemblies:ProcessInitializeOnLoadAttributes (System.Type[])

[./Library/PackageCache/com.unity.shadergraph@26dc5ae27e7d/Editor/Data/Util/GraphUtil.cs line 210]

The file 'VirtualArtifacts/Primary/0927d29e476ce5843b1f7d2a96943c51' is corrupted! Remove it and launch unity again!
[Position out of bounds!]
UnityEngine.Debug:ExtractStackTraceNoAlloc (byte*,int,string)
UnityEngine.StackTraceUtility:ExtractStackTrace ()
UnityEditor.AssetDatabase:LoadAllAssetsAtPath (string)
UnityEditor.ShaderGraph.GraphUtil:TryGetMetadataOfType<UnityEditor.Rendering.Universal.ShaderGraph.UniversalMetadata> (UnityEngine.Shader,UnityEditor.Rendering.Universal.ShaderGraph.UniversalMetadata&) (at ./Library/PackageCache/com.unity.shadergraph@26dc5ae27e7d/Editor/Data/Util/GraphUtil.cs:210)
Unity.Rendering.Universal.ShaderUtils:GetShaderID (UnityEngine.Shader) (at ./Library/PackageCache/com.unity.render-pipelines.universal@35104b1b69f5/Editor/ShaderUtils.cs:57)
UnityEditor.BaseShaderGUI:UpdateMotionVectorKeywordsAndPass (UnityEngine.Material) (at ./Library/PackageCache/com.unity.render-pipelines.universal@35104b1b69f5/Editor/ShaderGUI/BaseShaderGUI.cs:811)
UnityEditor.ShaderGraphLitGUI:UpdateMaterial (UnityEngine.Material,Unity.Rendering.Universal.ShaderUtils/MaterialUpdateType) (at ./Library/PackageCache/com.unity.render-pipelines.universal@35104b1b69f5/Editor/ShaderGUI/ShaderGraphLitGUI.cs:39)
UnityEditor.ShaderGraphLitGUI:ValidateMaterial (UnityEngine.Material) (at ./Library/PackageCache/com.unity.render-pipelines.universal@35104b1b69f5/Editor/ShaderGUI/ShaderGraphLitGUI.cs:50)
UnityEditor.ShaderGUIUtility:ValidateMaterial (UnityEngine.Material)
UnityEngine.Material:set_shader (UnityEngine.Shader)
UnityEngine.XR.Interaction.Toolkit.Samples.StarterAssets.MaterialPipelineHandler:SetPipelineShaders () (at Assets/Samples/XR Interaction Toolkit/3.1.3/Starter Assets/Scripts/MaterialPipelineHandler.cs:114)
UnityEngine.XR.Interaction.Toolkit.Samples.StarterAssets.MaterialPipelineHandler:AutoRefreshPipelineShaders () (at Assets/Samples/XR Interaction Toolkit/3.1.3/Starter Assets/Scripts/MaterialPipelineHandler.cs:81)
UnityEngine.XR.Interaction.Toolkit.Samples.StarterAssets.MaterialPipelineHandler:OnEnable () (at Assets/Samples/XR Interaction Toolkit/3.1.3/Starter Assets/Scripts/MaterialPipelineHandler.cs:74)
UnityEditor.AssetDatabase:LoadAssetAtPath (string,System.Type)
UnityEditor.AssetDatabase:LoadAssetAtPath<UnityEngine.XR.Hands.Samples.VisualizerSample.MaterialPipelineHandler> (string)
UnityEngine.XR.Hands.Samples.VisualizerSample.RenderPipelineValidation:GetAllInstances () (at Assets/Samples/XR Hands/1.6.0/HandVisualizer/Scripts/MaterialPipelineHandler.cs:28)
UnityEngine.XR.Hands.Samples.VisualizerSample.RenderPipelineValidation:.cctor () (at Assets/Samples/XR Hands/1.6.0/HandVisualizer/Scripts/MaterialPipelineHandler.cs:15)
System.Runtime.CompilerServices.RuntimeHelpers:RunClassConstructor (System.RuntimeTypeHandle)
UnityEditor.EditorAssemblies:ProcessInitializeOnLoadAttributes (System.Type[])

[./Library/PackageCache/com.unity.shadergraph@26dc5ae27e7d/Editor/Data/Util/GraphUtil.cs line 210]

Fatal Error! The file 'VirtualArtifacts/Primary/0927d29e476ce5843b1f7d2a96943c51' is corrupted! Remove it and launch unity again!
[Position out of bounds!]
UnityEditor.ShaderGraph.GraphUtil:TryGetMetadataOfType<UnityEditor.Rendering.Universal.ShaderGraph.UniversalMetadata> (UnityEngine.Shader,UnityEditor.Rendering.Universal.ShaderGraph.UniversalMetadata&)
Unity.Rendering.Universal.ShaderUtils:GetShaderID (UnityEngine.Shader) (at ./Library/PackageCache/com.unity.render-pipelines.universal@35104b1b69f5/Editor/ShaderUtils.cs:57)
UnityEditor.EditorAssemblies:ProcessInitializeOnLoadAttributes (System.Type[])
UnityEngine.Debug:ExtractStackTraceNoAlloc (byte*,int,string)
UnityEngine.StackTraceUtility:ExtractStackTrace ()
UnityEditor.AssetDatabase:LoadAllAssetsAtPath (string)
UnityEditor.ShaderGraph.GraphUtil:TryGetMetadataOfType<UnityEditor.Rendering.Universal.ShaderGraph.UniversalMetadata> (UnityEngine.Shader,UnityEditor.Rendering.Universal.ShaderGraph.UniversalMetadata&) (at ./Library/PackageCache/com.unity.shadergraph@26dc5ae27e7d/Editor/Data/Util/GraphUtil.cs:210)
Unity.Rendering.Universal.ShaderUtils:GetShaderID (UnityEngine.Shader) (at ./Library/PackageCache/com.unity.render-pipelines.universal@35104b1b69f5/Editor/ShaderUtils.cs:57)
UnityEditor.BaseShaderGUI:UpdateMotionVectorKeywordsAndPass (UnityEngine.Material) (at ./Library/PackageCache/com.unity.render-pipelines.universal@35104b1b69f5/Editor/ShaderGUI/BaseShaderGUI.cs:811)
UnityEditor.ShaderGraphLitGUI:UpdateMaterial (UnityEngine.Material,Unity.Rendering.Universal.ShaderUtils/MaterialUpdateType) (at ./Library/PackageCache/com.unity.render-pipelines.universal@35104b1b69f5/Editor/ShaderGUI/ShaderGraphLitGUI.cs:39)
UnityEditor.ShaderGraphLitGUI:ValidateMaterial (UnityEngine.Material) (at ./Library/PackageCache/com.unity.render-pipelines.universal@35104b1b69f5/Editor/ShaderGUI/ShaderGraphLitGUI.cs:50)
UnityEditor.ShaderGUIUtility:ValidateMaterial (UnityEngine.Material)
UnityEngine.Material:set_shader (UnityEngine.Shader)
UnityEngine.XR.Interaction.Toolkit.Samples.StarterAssets.MaterialPipelineHandler:SetPipelineShaders () (at Assets/Samples/XR Interaction Toolkit/3.1.3/Starter Assets/Scripts/MaterialPipelineHandler.cs:114)
UnityEngine.XR.Interaction.Toolkit.Samples.StarterAssets.MaterialPipelineHandler:AutoRefreshPipelineShaders () (at Assets/Samples/XR Interaction Toolkit/3.1.3/Starter Assets/Scripts/MaterialPipelineHandler.cs:81)
UnityEngine.XR.Interaction.Toolkit.Samples.StarterAssets.MaterialPipelineHandler:OnEnable () (at Assets/Samples/XR Interaction Toolkit/3.1.3/Starter Assets/Scripts/MaterialPipelineHandler.cs:74)
UnityEditor.AssetDatabase:LoadAssetAtPath (string,System.Type)
UnityEditor.AssetDatabase:LoadAssetAtPath<UnityEngine.XR.Hands.Samples.VisualizerSample.MaterialPipelineHandler> (string)
UnityEngine.XR.Hands.Samples.VisualizerSample.RenderPipelineValidation:GetAllInstances () (at Assets/Samples/XR Hands/1.6.0/HandVisualizer/Scripts/MaterialPipelineHandler.cs:28)
UnityEngine.XR.Hands.Samples.VisualizerSample.RenderPipelineValidation:.cctor () (at Assets/Samples/XR Hands/1.6.0/HandVisualizer/Scripts/MaterialPipelineHandler.cs:15)
System.Runtime.CompilerServices.RuntimeHelpers:RunClassConstructor (System.RuntimeTypeHandle)
UnityEditor.EditorAssemblies:ProcessInitializeOnLoadAttributes (System.Type[])

[./Library/PackageCache/com.unity.shadergraph@26dc5ae27e7d/Editor/Data/Util/GraphUtil.cs line 210]

Crash!!!
SymInit: Symbol-SearchPath: 'C:/Program Files/Unity/Hub/Editor/6000.1.3f1/Editor/Data/Mono;.;C:\Users\fanis\unity-maxmsp;C:\Users\fanis\unity-maxmsp\Library\BurstCache\JIT;C:\Program Files\Unity\Hub\Editor\6000.1.3f1\Editor;C:\WINDOWS;C:\WINDOWS\system32;', symOptions: 534, UserName: 'fanis'
OS-Version: 10.0.0
C:\Program Files\Unity\Hub\Editor\6000.1.3f1\Editor\Unity.exe:Unity.exe (00007FF7B35D0000), size: 290816 (result: 0), SymType: '-deferred-', PDB: '', fileVersion: 6000.1.3.19897
C:\WINDOWS\SYSTEM32\ntdll.dll:ntdll.dll (00007FFA8EC20000), size: 2519040 (result: 0), SymType: '-deferred-', PDB: '', fileVersion: 10.0.26100.7623
C:\WINDOWS\System32\KERNEL32.DLL:KERNEL32.DLL (00007FFA8E430000), size: 823296 (result: 0), SymType: '-deferred-', PDB: '', fileVersion: 10.0.26100.7623
C:\WINDOWS\System32\KERNELBASE.dll:KERNELBASE.dll (00007FFA8BF60000), size: 4124672 (result: 0), SymType: '-deferred-', PDB: '', fileVersion: 10.0.26100.7623
C:\WINDOWS\System32\USER32.dll:USER32.dll (00007FFA8CA80000), size: 1855488 (result: 0), SymType: '-deferred-', PDB: '', fileVersion: 10.0.26100.7623
C:\WINDOWS\System32\win32u.dll:win32u.dll (00007FFA8BD70000), size: 159744 (result: 0), SymType: '-deferred-', PDB: '', fileVersion: 10.0.26100.7623
C:\WINDOWS\System32\GDI32.dll:GDI32.dll (00007FFA8D620000), size: 176128 (result: 0), SymType: '-deferred-', PDB: '', fileVersion: 10.0.26100.7309
C:\WINDOWS\System32\gdi32full.dll:gdi32full.dll (00007FFA8BE30000), size: 1228800 (result: 0), SymType: '-deferred-', PDB: '', fileVersion: 10.0.26100.7309
C:\WINDOWS\System32\msvcp_win.dll:msvcp_win.dll (00007FFA8C7C0000), size: 667648 (result: 0), SymType: '-deferred-', PDB: '', fileVersion: 10.0.26100.7623
C:\WINDOWS\System32\ucrtbase.dll:ucrtbase.dll (00007FFA8C870000), size: 1355776 (result: 0), SymType: '-deferred-', PDB: '', fileVersion: 10.0.26100.7623
C:\WINDOWS\System32\IMM32.DLL:IMM32.DLL (00007FFA8CC50000), size: 200704 (result: 0), SymType: '-deferred-', PDB: '', fileVersion: 10.0.26100.7309
C:\Program Files\Unity\Hub\Editor\6000.1.3f1\Editor\Unity.dll:Unity.dll (00007FF9D4700000), size: 86863872 (result: 0), SymType: '-deferred-', PDB: '', fileVersion: 6000.1.3.19897
C:\WINDOWS\System32\CRYPT32.dll:CRYPT32.dll (00007FFA8C360000), size: 1536000 (result: 0), SymType: '-deferred-', PDB: '', fileVersion: 10.0.26100.7309
C:\WINDOWS\System32\ADVAPI32.dll:ADVAPI32.dll (00007FFA8D6D0000), size: 737280 (result: 0), SymType: '-deferred-', PDB: '', fileVersion: 10.0.26100.7309
C:\WINDOWS\System32\msvcrt.dll:msvcrt.dll (00007FFA8C9C0000), size: 692224 (result: 0), SymType: '-deferred-', PDB: '', fileVersion: 7.0.26100.7623
C:\WINDOWS\System32\sechost.dll:sechost.dll (00007FFA8E8E0000), size: 679936 (result: 0), SymType: '-deferred-', PDB: '', fileVersion: 10.0.26100.7623
C:\Program Files\Unity\Hub\Editor\6000.1.3f1\Editor\s3tcompress.dll:s3tcompress.dll (00007FFA7DB20000), size: 180224 (result: 0), SymType: '-deferred-', PDB: ''
C:\Program Files\Unity\Hub\Editor\6000.1.3f1\Editor\ispc_texcomp.dll:ispc_texcomp.dll (00007FF9D3D90000), size: 1826816 (result: 0), SymType: '-deferred-', PDB: ''
C:\Program Files\Unity\Hub\Editor\6000.1.3f1\Editor\etccompress.dll:etccompress.dll (00007FF9D2E50000), size: 5070848 (result: 0), SymType: '-deferred-', PDB: ''
C:\Program Files\Unity\Hub\Editor\6000.1.3f1\Editor\compress_bc7e.dll:compress_bc7e.dll (00007FFA61DA0000), size: 1433600 (result: 0), SymType: '-deferred-', PDB: ''
C:\Program Files\Unity\Hub\Editor\6000.1.3f1\Editor\WinPixEventRuntime.dll:WinPixEventRuntime.dll (00007FFA866A0000), size: 53248 (result: 0), SymType: '-deferred-', PDB: '', fileVersion: 1.0.2201.24001
C:\Program Files\Unity\Hub\Editor\6000.1.3f1\Editor\FreeImage.dll:FreeImage.dll (0000000180000000), size: 5783552 (result: 0), SymType: '-deferred-', PDB: '', fileVersion: 3.18.0.0
C:\WINDOWS\System32\RPCRT4.dll:RPCRT4.dll (00007FFA8D430000), size: 1146880 (result: 0), SymType: '-deferred-', PDB: '', fileVersion: 10.0.26100.7623
C:\WINDOWS\System32\WS2_32.dll:WS2_32.dll (00007FFA8E3B0000), size: 475136 (result: 0), SymType: '-deferred-', PDB: '', fileVersion: 10.0.26100.7623
C:\Program Files\Unity\Hub\Editor\6000.1.3f1\Editor\libfbxsdk.dll:libfbxsdk.dll (00007FF9D3F50000), size: 8019968 (result: 0), SymType: '-deferred-', PDB: '', fileVersion: 2020.3.7.0
C:\Program Files\Unity\Hub\Editor\6000.1.3f1\Editor\umbraoptimizer64.dll:umbraoptimizer64.dll (00007FF9EF990000), size: 1187840 (result: 0), SymType: '-deferred-', PDB: ''
C:\WINDOWS\System32\ole32.dll:ole32.dll (00007FFA8E560000), size: 1667072 (result: 0), SymType: '-deferred-', PDB: '', fileVersion: 10.0.26100.7462
C:\WINDOWS\System32\combase.dll:combase.dll (00007FFA8D7E0000), size: 3694592 (result: 0), SymType: '-deferred-', PDB: '', fileVersion: 10.0.26100.7623
C:\WINDOWS\System32\SETUPAPI.dll:SETUPAPI.dll (00007FFA8CE90000), size: 4759552 (result: 0), SymType: '-deferred-', PDB: '', fileVersion: 10.0.26100.7309
C:\WINDOWS\SYSTEM32\MSVCP140.dll:MSVCP140.dll (00007FFA6A800000), size: 561152 (result: 0), SymType: '-deferred-', PDB: '', fileVersion: 14.44.35211.0
C:\WINDOWS\SYSTEM32\VCRUNTIME140_1.dll:VCRUNTIME140_1.dll (00007FFA6CAA0000), size: 49152 (result: 0), SymType: '-deferred-', PDB: '', fileVersion: 14.44.35211.0
C:\WINDOWS\System32\SHELL32.dll:SHELL32.dll (00007FFA8DC50000), size: 7680000 (result: 0), SymType: '-deferred-', PDB: '', fileVersion: 10.0.26100.7623
C:\WINDOWS\SYSTEM32\VCRUNTIME140.dll:VCRUNTIME140.dll (00007FFA6CA80000), size: 122880 (result: 0), SymType: '-deferred-', PDB: '', fileVersion: 14.44.35211.0
C:\WINDOWS\SYSTEM32\bcrypt.dll:bcrypt.dll (00007FFA8BC60000), size: 172032 (result: 0), SymType: '-deferred-', PDB: '', fileVersion: 10.0.26100.7623
C:\WINDOWS\System32\wintypes.dll:wintypes.dll (00007FFA8C4E0000), size: 1482752 (result: 0), SymType: '-deferred-', PDB: '', fileVersion: 10.0.26100.7623
C:\WINDOWS\System32\SHLWAPI.dll:SHLWAPI.dll (00007FFA8E700000), size: 417792 (result: 0), SymType: '-deferred-', PDB: '', fileVersion: 10.0.26100.7309
C:\WINDOWS\SYSTEM32\d3d11.dll:d3d11.dll (00007FFA89560000), size: 2498560 (result: 0), SymType: '-deferred-', PDB: '', fileVersion: 10.0.26100.7309
C:\WINDOWS\SYSTEM32\d3d12.dll:d3d12.dll (00007FFA78FC0000), size: 143360 (result: 0), SymType: '-deferred-', PDB: '', fileVersion: 10.0.26100.7309
C:\WINDOWS\System32\OLEAUT32.dll:OLEAUT32.dll (00007FFA8DB70000), size: 876544 (result: 0), SymType: '-deferred-', PDB: '', fileVersion: 10.0.26100.7309
C:\WINDOWS\System32\WINTRUST.dll:WINTRUST.dll (00007FFA8BDA0000), size: 524288 (result: 0), SymType: '-deferred-', PDB: '', fileVersion: 10.0.26100.7309
C:\WINDOWS\SYSTEM32\dwmapi.dll:dwmapi.dll (00007FFA88200000), size: 196608 (result: 0), SymType: '-deferred-', PDB: '', fileVersion: 10.0.26100.7309
C:\WINDOWS\SYSTEM32\dxgi.dll:dxgi.dll (00007FFA897D0000), size: 1290240 (result: 0), SymType: '-deferred-', PDB: '', fileVersion: 10.0.26100.7309
C:\WINDOWS\SYSTEM32\HID.DLL:HID.DLL (00007FFA8A1C0000), size: 61440 (result: 0), SymType: '-deferred-', PDB: '', fileVersion: 10.0.26100.1150
C:\WINDOWS\SYSTEM32\IPHLPAPI.DLL:IPHLPAPI.DLL (00007FFA8A4D0000), size: 212992 (result: 0), SymType: '-deferred-', PDB: '', fileVersion: 10.0.26100.7309
C:\WINDOWS\SYSTEM32\OPENGL32.dll:OPENGL32.dll (00007FFA2DAD0000), size: 1114112 (result: 0), SymType: '-deferred-', PDB: '', fileVersion: 10.0.26100.7309
C:\WINDOWS\WinSxS\amd64_microsoft.windows.common-controls_6595b64144ccf1df_6.0.26100.7309_none_3e05feeae336a044\COMCTL32.dll:COMCTL32.dll (00007FFA71B10000), size: 2699264 (result: 0), SymType: '-deferred-', PDB: '', fileVersion: 6.10.26100.7309
C:\WINDOWS\SYSTEM32\GLU32.dll:GLU32.dll (00007FFA50350000), size: 184320 (result: 0), SymType: '-deferred-', PDB: '', fileVersion: 10.0.26100.1150
C:\WINDOWS\SYSTEM32\WINHTTP.dll:WINHTTP.dll (00007FFA82320000), size: 1212416 (result: 0), SymType: '-deferred-', PDB: '', fileVersion: 10.0.26100.7462
C:\Program Files\Unity\Hub\Editor\6000.1.3f1\Editor\NativeProxyHelper.dll:NativeProxyHelper.dll (00007FF9D3330000), size: 1789952 (result: 0), SymType: '-deferred-', PDB: ''
C:\Program Files\Unity\Hub\Editor\6000.1.3f1\Editor\SketchUpAPI.dll:SketchUpAPI.dll (00007FF9D34F0000), size: 8990720 (result: 0), SymType: '-deferred-', PDB: '', fileVersion: 23.0.0.0
C:\WINDOWS\SYSTEM32\WSOCK32.dll:WSOCK32.dll (00007FFA516B0000), size: 40960 (result: 0), SymType: '-deferred-', PDB: '', fileVersion: 10.0.26100.1
C:\WINDOWS\SYSTEM32\WINMM.dll:WINMM.dll (00007FFA84DC0000), size: 217088 (result: 0), SymType: '-deferred-', PDB: '', fileVersion: 10.0.26100.7309
C:\WINDOWS\SYSTEM32\powrprof.dll:powrprof.dll (00007FFA8BBD0000), size: 385024 (result: 0), SymType: '-deferred-', PDB: '', fileVersion: 10.0.26100.3912
C:\Program Files\Unity\Hub\Editor\6000.1.3f1\Editor\SketchUpCommonPreferences.dll:SketchUpCommonPreferences.dll (00007FFA75EC0000), size: 499712 (result: 0), SymType: '-deferred-', PDB: '', fileVersion: 23.0.0.0
C:\WINDOWS\SYSTEM32\Secur32.dll:Secur32.dll (00007FFA87F70000), size: 53248 (result: 0), SymType: '-deferred-', PDB: '', fileVersion: 10.0.26100.1
C:\WINDOWS\SYSTEM32\dxcore.dll:dxcore.dll (00007FFA886F0000), size: 278528 (result: 0), SymType: '-deferred-', PDB: '', fileVersion: 10.0.26100.7309
C:\WINDOWS\SYSTEM32\SSPICLI.DLL:SSPICLI.DLL (00007FFA8AD80000), size: 299008 (result: 0), SymType: '-deferred-', PDB: '', fileVersion: 10.0.26100.7309
C:\WINDOWS\SYSTEM32\VERSION.dll:VERSION.dll (00007FFA84E00000), size: 45056 (result: 0), SymType: '-deferred-', PDB: '', fileVersion: 10.0.26100.1150
C:\Program Files\Unity\Hub\Editor\6000.1.3f1\Editor\OpenRL.dll:OpenRL.dll (00000271AAD70000), size: 12779520 (result: 0), SymType: '-deferred-', PDB: '', fileVersion: 1.5.0.2907
C:\WINDOWS\SYSTEM32\MSVCP100.dll:MSVCP100.dll (000000005CB30000), size: 622592 (result: 0), SymType: '-deferred-', PDB: '', fileVersion: 10.0.40219.325
C:\WINDOWS\SYSTEM32\MSVCR100.dll:MSVCR100.dll (000000005CBD0000), size: 860160 (result: 0), SymType: '-deferred-', PDB: '', fileVersion: 10.0.40219.325
C:\Program Files\Unity\Hub\Editor\6000.1.3f1\Editor\embree.dll:embree.dll (00007FF9D1E60000), size: 16711680 (result: 0), SymType: '-deferred-', PDB: '', fileVersion: 2.14.0.0
C:\Program Files\Unity\Hub\Editor\6000.1.3f1\Editor\tbb.dll:tbb.dll (00007FFA68050000), size: 303104 (result: 0), SymType: '-deferred-', PDB: '', fileVersion: 2020.3.2022.1111
C:\WINDOWS\SYSTEM32\cfgmgr32.DLL:cfgmgr32.DLL (00007FFA8B8B0000), size: 356352 (result: 0), SymType: '-deferred-', PDB: '', fileVersion: 10.0.26100.7309
C:\WINDOWS\SYSTEM32\MSWSOCK.DLL:MSWSOCK.DLL (00007FFA8B030000), size: 438272 (result: 0), SymType: '-deferred-', PDB: '', fileVersion: 10.0.26100.7309
C:\Program Files\Unity\Hub\Editor\6000.1.3f1\Editor\OpenRL_pthread.dll:OpenRL_pthread.dll (00000271A9760000), size: 61440 (result: 0), SymType: '-deferred-', PDB: '', fileVersion: 2.9.0.0
C:\WINDOWS\SYSTEM32\UMPDC.dll:UMPDC.dll (00007FFA8BBB0000), size: 81920 (result: 0), SymType: '-deferred-', PDB: '', fileVersion: 10.0.26100.7019
C:\WINDOWS\SYSTEM32\MSASN1.dll:MSASN1.dll (00007FFA8B480000), size: 77824 (result: 0), SymType: '-deferred-', PDB: '', fileVersion: 10.0.26100.7623
C:\WINDOWS\System32\bcryptprimitives.dll:bcryptprimitives.dll (00007FFA8C710000), size: 675840 (result: 0), SymType: '-deferred-', PDB: '', fileVersion: 10.0.26100.7623
C:\WINDOWS\SYSTEM32\kernel.appcore.dll:kernel.appcore.dll (00007FFA8AAE0000), size: 110592 (result: 0), SymType: '-deferred-', PDB: '', fileVersion: 10.0.26100.7309
C:\WINDOWS\system32\uxtheme.dll:uxtheme.dll (00007FFA88100000), size: 700416 (result: 0), SymType: '-deferred-', PDB: '', fileVersion: 10.0.26100.7309
C:\WINDOWS\SYSTEM32\windows.storage.dll:windows.storage.dll (00007FFA89950000), size: 8773632 (result: 0), SymType: '-deferred-', PDB: '', fileVersion: 10.0.26100.7623
C:\WINDOWS\System32\SHCORE.dll:SHCORE.dll (00007FFA8D320000), size: 1003520 (result: 0), SymType: '-deferred-', PDB: '', fileVersion: 10.0.26100.7623
C:\WINDOWS\SYSTEM32\profapi.dll:profapi.dll (00007FFA8BC90000), size: 167936 (result: 0), SymType: '-deferred-', PDB: '', fileVersion: 10.0.26100.7309
C:\WINDOWS\system32\IconCodecService.dll:IconCodecService.dll (00007FFA818D0000), size: 45056 (result: 0), SymType: '-deferred-', PDB: '', fileVersion: 10.0.26100.1
C:\WINDOWS\SYSTEM32\WindowsCodecs.dll:WindowsCodecs.dll (00007FFA872B0000), size: 2293760 (result: 0), SymType: '-deferred-', PDB: '', fileVersion: 10.0.26100.7623
C:\WINDOWS\System32\clbcatq.dll:clbcatq.dll (00007FFA8D560000), size: 720896 (result: 0), SymType: '-deferred-', PDB: '', fileVersion: 2001.12.10941.16384
C:\WINDOWS\System32\netprofm.dll:netprofm.dll (00007FFA85BF0000), size: 458752 (result: 0), SymType: '-deferred-', PDB: '', fileVersion: 10.0.26100.7309
C:\WINDOWS\System32\NSI.dll:NSI.dll (00007FFA8D420000), size: 40960 (result: 0), SymType: '-deferred-', PDB: '', fileVersion: 10.0.26100.7623
C:\WINDOWS\SYSTEM32\dhcpcsvc6.DLL:dhcpcsvc6.DLL (00007FFA824A0000), size: 122880 (result: 0), SymType: '-deferred-', PDB: '', fileVersion: 10.0.26100.7309
C:\WINDOWS\SYSTEM32\dhcpcsvc.DLL:dhcpcsvc.DLL (00007FFA81730000), size: 143360 (result: 0), SymType: '-deferred-', PDB: '', fileVersion: 10.0.26100.7309
C:\WINDOWS\SYSTEM32\DNSAPI.dll:DNSAPI.dll (00007FFA8A560000), size: 1228800 (result: 0), SymType: '-deferred-', PDB: '', fileVersion: 10.0.26100.7309
C:\WINDOWS\System32\npmproxy.dll:npmproxy.dll (00007FFA7FF70000), size: 102400 (result: 0), SymType: '-deferred-', PDB: '', fileVersion: 10.0.26100.7309
C:\WINDOWS\system32\napinsp.dll:napinsp.dll (00007FFA59380000), size: 98304 (result: 0), SymType: '-deferred-', PDB: '', fileVersion: 10.0.26100.1150
C:\WINDOWS\System32\winrnr.dll:winrnr.dll (00007FFA59360000), size: 73728 (result: 0), SymType: '-deferred-', PDB: '', fileVersion: 10.0.26100.1882
C:\WINDOWS\system32\nlansp_c.dll:nlansp_c.dll (00007FFA59330000), size: 139264 (result: 0), SymType: '-deferred-', PDB: '', fileVersion: 10.0.26100.7309
C:\WINDOWS\system32\wshbth.dll:wshbth.dll (00007FFA593A0000), size: 90112 (result: 0), SymType: '-deferred-', PDB: '', fileVersion: 10.0.26100.5074
C:\WINDOWS\System32\fwpuclnt.dll:fwpuclnt.dll (00007FFA805C0000), size: 548864 (result: 0), SymType: '-deferred-', PDB: '', fileVersion: 10.0.26100.7623
C:\Windows\System32\rasadhlp.dll:rasadhlp.dll (00007FFA6F820000), size: 45056 (result: 0), SymType: '-deferred-', PDB: '', fileVersion: 10.0.26100.7171
C:\Program Files\Unity\Hub\Editor\6000.1.3f1\Editor\AMDUnityPlugin.DLL:AMDUnityPlugin.DLL (00007FF9CC550000), size: 8814592 (result: 0), SymType: '-deferred-', PDB: ''
C:\Program Files\Unity\Hub\Editor\6000.1.3f1\Editor\NVUnityPlugin.DLL:NVUnityPlugin.DLL (00007FF9CC3C0000), size: 1609728 (result: 0), SymType: '-deferred-', PDB: ''
C:\Program Files\Unity\Hub\Editor\6000.1.3f1\Editor\Data\Tools\astcenc-avx2.dll:astcenc-avx2.dll (00007FF9CE610000), size: 352256 (result: 0), SymType: '-deferred-', PDB: ''
C:\WINDOWS\System32\MMDevApi.dll:MMDevApi.dll (00007FFA7DCF0000), size: 618496 (result: 0), SymType: '-deferred-', PDB: '', fileVersion: 10.0.26100.7309
C:\WINDOWS\System32\DEVOBJ.dll:DEVOBJ.dll (00007FFA8B930000), size: 184320 (result: 0), SymType: '-deferred-', PDB: '', fileVersion: 10.0.26100.1150
C:\WINDOWS\SYSTEM32\directxdatabasehelper.dll:directxdatabasehelper.dll (00007FFA865C0000), size: 405504 (result: 0), SymType: '-deferred-', PDB: '', fileVersion: 10.0.26100.7309
C:\Windows\System32\DriverStore\FileRepository\u0404740.inf_amd64_4762c8d6a88d9589\B404377\aticfx64.dll:aticfx64.dll (00007FFA85230000), size: 1814528 (result: 0), SymType: '-deferred-', PDB: '', fileVersion: 31.0.21912.2004
C:\Windows\System32\DriverStore\FileRepository\u0404740.inf_amd64_4762c8d6a88d9589\B404377\atiuxp64.dll:atiuxp64.dll (00007FFA84AC0000), size: 233472 (result: 0), SymType: '-deferred-', PDB: '', fileVersion: 31.0.21912.2004
C:\Windows\System32\DriverStore\FileRepository\u0404740.inf_amd64_4762c8d6a88d9589\B404377\atidxx64.dll:atidxx64.dll (00007FFA82AF0000), size: 32972800 (result: 0), SymType: '-deferred-', PDB: '', fileVersion: 31.0.21912.2004
C:\WINDOWS\SYSTEM32\apphelp.dll:apphelp.dll (00007FFA87FB0000), size: 651264 (result: 0), SymType: '-deferred-', PDB: '', fileVersion: 10.0.26100.7309
C:\WINDOWS\SYSTEM32\amdihk64.dll:amdihk64.dll (00007FFA824D0000), size: 217088 (result: 0), SymType: '-deferred-', PDB: '', fileVersion: 2.0.0.1788
C:\WINDOWS\SYSTEM32\opencl.dll:opencl.dll (00007FFA78E50000), size: 98304 (result: 0), SymType: '-deferred-', PDB: '', fileVersion: 3.0.6.0
C:\Program Files\Unity\Hub\Editor\6000.1.3f1\Editor\radeonrays.dll:radeonrays.dll (00007FF9CE5B0000), size: 344064 (result: 0), SymType: '-deferred-', PDB: ''
C:\Program Files\Unity\Hub\Editor\6000.1.3f1\Editor\Data\MonoBleedingEdge\EmbedRuntime\mono-2.0-bdwgc.dll:mono-2.0-bdwgc.dll (00007FF9CB970000), size: 10756096 (result: 0), SymType: '-deferred-', PDB: ''
C:\WINDOWS\SYSTEM32\PROPSYS.dll:PROPSYS.dll (00007FFA867D0000), size: 1060864 (result: 0), SymType: '-deferred-', PDB: '', fileVersion: 7.0.26100.7309
C:\WINDOWS\system32\NetworkExplorer.dll:NetworkExplorer.dll (00007FFA45E90000), size: 110592 (result: 0), SymType: '-deferred-', PDB: '', fileVersion: 10.0.26100.7309
C:\WINDOWS\SYSTEM32\edputil.dll:edputil.dll (00007FFA649B0000), size: 167936 (result: 0), SymType: '-deferred-', PDB: '', fileVersion: 10.0.26100.7309
C:\Windows\System32\Windows.StateRepositoryPS.dll:Windows.StateRepositoryPS.dll (00007FFA5D9B0000), size: 802816 (result: 0), SymType: '-deferred-', PDB: '', fileVersion: 10.0.26100.7309
C:\WINDOWS\SYSTEM32\urlmon.dll:urlmon.dll (00007FFA73DA0000), size: 1966080 (result: 0), SymType: '-deferred-', PDB: '', fileVersion: 11.0.26100.7309
C:\WINDOWS\SYSTEM32\iertutil.dll:iertutil.dll (00007FFA73990000), size: 2904064 (result: 0), SymType: '-deferred-', PDB: '', fileVersion: 11.0.26100.7309
C:\WINDOWS\SYSTEM32\srvcli.dll:srvcli.dll (00007FFA73960000), size: 167936 (result: 0), SymType: '-deferred-', PDB: '', fileVersion: 10.0.26100.1150
C:\WINDOWS\SYSTEM32\netutils.dll:netutils.dll (00007FFA8A490000), size: 53248 (result: 0), SymType: '-deferred-', PDB: '', fileVersion: 10.0.26100.1882
C:\WINDOWS\SYSTEM32\virtdisk.dll:virtdisk.dll (00007FFA68E30000), size: 94208 (result: 0), SymType: '-deferred-', PDB: '', fileVersion: 10.0.26100.5074
C:\WINDOWS\SYSTEM32\Wldp.dll:Wldp.dll (00007FFA8B320000), size: 413696 (result: 0), SymType: '-deferred-', PDB: '', fileVersion: 10.0.26100.7309
C:\WINDOWS\SYSTEM32\dbghelp.dll:dbghelp.dll (00007FFA89180000), size: 2367488 (result: 0), SymType: '-deferred-', PDB: '', fileVersion: 10.0.26100.5074

========== OUTPUTTING STACK TRACE ==================

0x00007FFA8C02A80A (KERNELBASE) RaiseException
0x00007FF9D62C4609 (Unity) EditorMonoConsole::LogToConsoleImplementation
0x00007FF9D62C52F0 (Unity) EditorMonoConsole::LogToConsoleImplementation
0x00007FF9D6F4248D (Unity) DebugStringToFilePostprocessedStacktrace
0x00007FF9D6F41809 (Unity) DebugStringToFile
0x00007FF9D538CC1F (Unity) CachedReader::OutOfBoundsError
0x00007FF9D538CE90 (Unity) CachedReader::Read
0x00007FF9D4E9E052 (Unity) StreamedBinaryRead::Transfer<core::basic_string<char,core::StringStorageDefault<char> > >
0x00007FF9D562D506 (Unity) MonoBehaviour::Transfer<StreamedBinaryRead>
0x00007FF9D564D12A (Unity) MonoBehaviour::VirtualRedirectTransfer
0x00007FF9D5729BC0 (Unity) SerializedFile::ReadObject
0x00007FF9D5729306 (Unity) SerializedFile::ReadObject
0x00007FF9D570FEF3 (Unity) PersistentManager::ReadAndActivateObjectThreaded
0x00007FF9D57105DB (Unity) PersistentManager::ReadObjectThreaded
0x00007FF9D5710367 (Unity) PersistentManager::ReadObject
0x00007FF9D63E7380 (Unity) FindAllAssetsAtPath
0x00007FF9D4D8F692 (Unity) AssetDatabase_CUSTOM_LoadAllAssetsAtPath
0x00000273BD353C6A (Mono JIT Code) (wrapper managed-to-native) UnityEditor.AssetDatabase:LoadAllAssetsAtPath_Injected (UnityEngine.Bindings.ManagedSpanWrapper&)
0x00000273BD353B43 (Mono JIT Code) UnityEditor.AssetDatabase:LoadAllAssetsAtPath (string)
0x00000273BD353803 (Mono JIT Code) [.\Library\PackageCache\com.unity.shadergraph@26dc5ae27e7d\Editor\Data\Util\GraphUtil.cs:210] UnityEditor.ShaderGraph.GraphUtil:TryGetMetadataOfType<T_REF> (UnityEngine.Shader,T_REF&) 
0x00000273BD35057B (Mono JIT Code) [.\Library\PackageCache\com.unity.render-pipelines.universal@35104b1b69f5\Editor\ShaderUtils.cs:57] Unity.Rendering.Universal.ShaderUtils:GetShaderID (UnityEngine.Shader) 
0x00000273BD35030B (Mono JIT Code) [.\Library\PackageCache\com.unity.render-pipelines.universal@35104b1b69f5\Editor\ShaderGUI\BaseShaderGUI.cs:811] UnityEditor.BaseShaderGUI:UpdateMotionVectorKeywordsAndPass (UnityEngine.Material) 
0x00000273BD35361B (Mono JIT Code) [.\Library\PackageCache\com.unity.render-pipelines.universal@35104b1b69f5\Editor\ShaderGUI\ShaderGraphLitGUI.cs:41] UnityEditor.ShaderGraphLitGUI:UpdateMaterial (UnityEngine.Material,Unity.Rendering.Universal.ShaderUtils/MaterialUpdateType) 
0x00000273BD353513 (Mono JIT Code) [.\Library\PackageCache\com.unity.render-pipelines.universal@35104b1b69f5\Editor\ShaderGUI\ShaderGraphLitGUI.cs:51] UnityEditor.ShaderGraphLitGUI:ValidateMaterial (UnityEngine.Material) 
0x00000273BD34782C (Mono JIT Code) UnityEditor.ShaderGUIUtility:ValidateMaterial (UnityEngine.Material)
0x00000273AD99F998 (Mono JIT Code) (wrapper runtime-invoke) <Module>:runtime_invoke_void_object (object,intptr,intptr,intptr)
0x00007FF9CBBF68DE (mono-2.0-bdwgc) [C:\build\output\Unity-Technologies\mono\mono\mini\mini-runtime.c:3445] mono_jit_runtime_invoke 
0x00007FF9CBB38404 (mono-2.0-bdwgc) [C:\build\output\Unity-Technologies\mono\mono\metadata\object.c:3068] do_runtime_invoke 
0x00007FF9CBB384F0 (mono-2.0-bdwgc) [C:\build\output\Unity-Technologies\mono\mono\metadata\object.c:3115] mono_runtime_invoke 
0x00007FF9D567B054 (Unity) scripting_method_invoke
0x00007FF9D5652F63 (Unity) ScriptingInvocation::Invoke
0x00007FF9D564E665 (Unity) ScriptingInvocation::Invoke<void>
0x00007FF9D57C4A03 (Unity) Scripting::UnityEditor::ShaderGUIUtilityProxy::ValidateMaterial
0x00007FF9D53F8332 (Unity) Material::SetupKeywordsAndPasses
0x00007FF9D53FB3B2 (Unity) Material::UpdateToNewShader
0x00007FF9D53F6F71 (Unity) Material::SetShader
0x00007FF9D4841147 (Unity) Material_Set_Custom_PropShader
0x00000273BD34362D (Mono JIT Code) (wrapper managed-to-native) UnityEngine.Material:set_shader_Injected (intptr,intptr)
0x00000273BD34356B (Mono JIT Code) UnityEngine.Material:set_shader (UnityEngine.Shader)
0x00000273BD34335B (Mono JIT Code) [C:\Users\fanis\unity-maxmsp\Assets\Samples\XR Interaction Toolkit\3.1.3\Starter Assets\Scripts\MaterialPipelineHandler.cs:115] UnityEngine.XR.Interaction.Toolkit.Samples.StarterAssets.MaterialPipelineHandler:SetPipelineShaders () 
0x00000273BD34312B (Mono JIT Code) [C:\Users\fanis\unity-maxmsp\Assets\Samples\XR Interaction Toolkit\3.1.3\Starter Assets\Scripts\MaterialPipelineHandler.cs:82] UnityEngine.XR.Interaction.Toolkit.Samples.StarterAssets.MaterialPipelineHandler:AutoRefreshPipelineShaders () 
0x00000273BD3430D3 (Mono JIT Code) [C:\Users\fanis\unity-maxmsp\Assets\Samples\XR Interaction Toolkit\3.1.3\Starter Assets\Scripts\MaterialPipelineHandler.cs:75] UnityEngine.XR.Interaction.Toolkit.Samples.StarterAssets.MaterialPipelineHandler:OnEnable () 
0x00000273BD342CB8 (Mono JIT Code) (wrapper runtime-invoke) object:runtime_invoke_void__this__ (object,intptr,intptr,intptr)
0x00007FF9CBBF68DE (mono-2.0-bdwgc) [C:\build\output\Unity-Technologies\mono\mono\mini\mini-runtime.c:3445] mono_jit_runtime_invoke 
0x00007FF9CBB38404 (mono-2.0-bdwgc) [C:\build\output\Unity-Technologies\mono\mono\metadata\object.c:3068] do_runtime_invoke 
0x00007FF9CBB384F0 (mono-2.0-bdwgc) [C:\build\output\Unity-Technologies\mono\mono\metadata\object.c:3115] mono_runtime_invoke 
0x00007FF9D567B054 (Unity) scripting_method_invoke
0x00007FF9D5652F63 (Unity) ScriptingInvocation::Invoke
0x00007FF9D565304E (Unity) ScriptingInvocation::InvokeChecked
0x00007FF9D56F6878 (Unity) SerializableManagedRef::CallMethod
0x00007FF9D563D4CC (Unity) MonoBehaviour::AwakeFromLoad
0x00007FF9D5737E39 (Unity) AwakeFromLoadQueue::InvokePersistentManagerAwake
0x00007FF9D5738D9A (Unity) AwakeFromLoadQueue::PersistentManagerSingleQueueAwakeFromLoad
0x00007FF9D57389BD (Unity) AwakeFromLoadQueue::PersistentManagerAwakeFromLoad
0x00007FF9D570B8C3 (Unity) PersistentManager::IntegrateAllThreadedObjects
0x00007FF9D570C050 (Unity) PersistentManager::LoadAndIntegrateAllPreallocatedObjects
0x00007FF9D57103E7 (Unity) PersistentManager::ReadObject
0x00007FF9D61EA7AA (Unity) LoadAssetAtPath
0x00007FF9D4D7AADC (Unity) AssetDatabase_CUSTOM_LoadAssetAtPath
0x00000273BD32D8CD (Mono JIT Code) (wrapper managed-to-native) UnityEditor.AssetDatabase:LoadAssetAtPath_Injected (UnityEngine.Bindings.ManagedSpanWrapper&,System.Type)
0x00000273BD32D46B (Mono JIT Code) UnityEditor.AssetDatabase:LoadAssetAtPath (string,System.Type)
0x00000273BD32D1CB (Mono JIT Code) UnityEditor.AssetDatabase:LoadAssetAtPath<T_REF> (string)
0x00000273BD33A853 (Mono JIT Code) [C:\Users\fanis\unity-maxmsp\Assets\Samples\XR Hands\1.6.0\HandVisualizer\Scripts\MaterialPipelineHandler.cs:28] UnityEngine.XR.Hands.Samples.VisualizerSample.RenderPipelineValidation:GetAllInstances () 
0x00000273BD33A3E3 (Mono JIT Code) [C:\Users\fanis\unity-maxmsp\Assets\Samples\XR Hands\1.6.0\HandVisualizer\Scripts\MaterialPipelineHandler.cs:15] UnityEngine.XR.Hands.Samples.VisualizerSample.RenderPipelineValidation:.cctor () 
0x00000273BD33A585 (Mono JIT Code) (wrapper runtime-invoke) object:runtime_invoke_void (object,intptr,intptr,intptr)
0x00007FF9CBBF68DE (mono-2.0-bdwgc) [C:\build\output\Unity-Technologies\mono\mono\mini\mini-runtime.c:3445] mono_jit_runtime_invoke 
0x00007FF9CBB38404 (mono-2.0-bdwgc) [C:\build\output\Unity-Technologies\mono\mono\metadata\object.c:3068] do_runtime_invoke 
0x00007FF9CBB332E5 (mono-2.0-bdwgc) [C:\build\output\Unity-Technologies\mono\mono\metadata\object.c:563] mono_runtime_class_init_full 
0x00007FF9CBA69F47 (mono-2.0-bdwgc) [C:\build\output\Unity-Technologies\mono\mono\metadata\icall.c:1292] ves_icall_System_Runtime_CompilerServices_RuntimeHelpers_RunClassConstructor 
0x00007FF9CBA9CADC (mono-2.0-bdwgc) [C:\build\output\Unity-Technologies\mono\mono\metadata\icall-def.h:756] ves_icall_System_Runtime_CompilerServices_RuntimeHelpers_RunClassConstructor_raw 
0x00000273BC1EA9FA (Mono JIT Code) (wrapper managed-to-native) System.Runtime.CompilerServices.RuntimeHelpers:RunClassConstructor (intptr)
0x00000273BC1EA8DB (Mono JIT Code) System.Runtime.CompilerServices.RuntimeHelpers:RunClassConstructor (System.RuntimeTypeHandle)
0x00000273BC1E319B (Mono JIT Code) UnityEditor.EditorAssemblies:ProcessInitializeOnLoadAttributes (System.Type[])
0x00000273AD99F998 (Mono JIT Code) (wrapper runtime-invoke) <Module>:runtime_invoke_void_object (object,intptr,intptr,intptr)
0x00007FF9CBBF68DE (mono-2.0-bdwgc) [C:\build\output\Unity-Technologies\mono\mono\mini\mini-runtime.c:3445] mono_jit_runtime_invoke 
0x00007FF9CBB38404 (mono-2.0-bdwgc) [C:\build\output\Unity-Technologies\mono\mono\metadata\object.c:3068] do_runtime_invoke 
0x00007FF9CBB384F0 (mono-2.0-bdwgc) [C:\build\output\Unity-Technologies\mono\mono\metadata\object.c:3115] mono_runtime_invoke 
0x00007FF9D567B054 (Unity) scripting_method_invoke
0x00007FF9D5652F63 (Unity) ScriptingInvocation::Invoke
0x00007FF9D564E665 (Unity) ScriptingInvocation::Invoke<void>
0x00007FF9D57C14F3 (Unity) Scripting::UnityEditor::EditorAssembliesProxy::ProcessInitializeOnLoadAttributes
0x00007FF9D5649D7B (Unity) MonoManager::SetupLoadedEditorAssemblies
0x00007FF9D564164B (Unity) MonoManager::FinalizeReload
0x00007FF9D6B47FB5 (Unity) ScriptingInitializer::FinalizeReload
0x00007FF9D6B9785F (Unity) AssetImportWorkerClient::ReloadScriptingDomain
0x00007FF9D6B70FA6 (Unity) <lambda_913fef31f054ec157f5d299f70518d4d>::operator()
0x00007FF9D6C53DCF (Unity) asio::detail::completion_handler<core::mutable_function<void __cdecl(void)>,asio::io_context::basic_executor_type<std::allocator<void>,0> >::do_complete
0x00007FF9D6C414D1 (Unity) asio::detail::win_iocp_io_context::do_one
0x00007FF9D6C427DE (Unity) asio::detail::win_iocp_io_context::run
0x00007FF9D6C5240C (Unity) IOService::Run
0x00007FF9D6B9BAF8 (Unity) RunAssetImportWorkerClientV2
0x00007FF9D6B9BBBB (Unity) RunAssetImporterV2
0x00007FF9D63C681B (Unity) Application::InitializeProject
0x00007FF9D69AD4E3 (Unity) UnityMain
0x00007FF7B35D2F2A (Unity) __scrt_common_main_seh
0x00007FFA8E45E8D7 (KERNEL32) BaseThreadInitThunk
0x00007FFA8ECAC53C (ntdll) RtlUserThreadStart

========== END OF STACKTRACE ===========

A crash has been intercepted by the crash handler. For call stack and other details, see the latest crash report generated in:
 * C:/Users/fanis/AppData/Local/Temp/Unity/Editor/Crashes
